Started GET "/" for ::1 at 2019-06-27 10:39:35 +0900
Processing by Rails::WelcomeController#index as HTML
  Rendering vendor/bundle/ruby/2.6.0/gems/railties-5.2.3/lib/rails/templates/rails/welcome/index.html.erb
  Rendered vendor/bundle/ruby/2.6.0/gems/railties-5.2.3/lib/rails/templates/rails/welcome/index.html.erb (7.6ms)
Completed 200 OK in 33ms (Views: 20.5ms | ActiveRecord: 0.0ms)


  [1m[35m (0.1ms)[0m  [1m[34mSELECT sqlite_version(*)[0m
  ↳ bin/rails:9
  [1m[35m (9.8ms)[0m  [1m[35mCREATE TABLE "schema_migrations" ("version" varchar NOT NULL PRIMARY KEY)[0m
  ↳ bin/rails:9
  [1m[35m (2.4ms)[0m  [1m[35mCREATE TABLE "ar_internal_metadata" ("key" varchar NOT NULL PRIMARY KEY, "value" varchar, "created_at" datetime NOT NULL, "updated_at" datetime NOT NULL)[0m
  ↳ bin/rails:9
  [1m[35m (0.4ms)[0m  [1m[34mSELECT "schema_migrations"."version" FROM "schema_migrations" ORDER BY "schema_migrations"."version" ASC[0m
  ↳ bin/rails:9
Migrating to CreateTweets (20190627014013)
  [1m[35m (0.1ms)[0m  [1m[36mbegin transaction[0m
  ↳ bin/rails:9
  [1m[35m (1.8ms)[0m  [1m[35mCREATE TABLE "tweets" ("id" integer PRIMARY KEY AUTOINCREMENT NOT NULL, "body" varchar, "created_at" datetime NOT NULL, "updated_at" datetime NOT NULL)[0m
  ↳ db/migrate/20190627014013_create_tweets.rb:3
  [1m[36mActiveRecord::SchemaMigration Create (0.2ms)[0m  [1m[32mINSERT INTO "schema_migrations" ("version") VALUES (?)[0m  [["version", "20190627014013"]]
  ↳ bin/rails:9
  [1m[35m (2.0ms)[0m  [1m[36mcommit transaction[0m
  ↳ bin/rails:9
  [1m[36mActiveRecord::InternalMetadata Load (0.3ms)[0m  [1m[34mSELECT  "ar_internal_metadata".* FROM "ar_internal_metadata" WHERE "ar_internal_metadata"."key" = ? LIMIT ?[0m  [["key", "environment"], ["LIMIT", 1]]
  ↳ bin/rails:9
  [1m[35m (0.1ms)[0m  [1m[36mbegin transaction[0m
  ↳ bin/rails:9
  [1m[36mActiveRecord::InternalMetadata Create (0.4ms)[0m  [1m[32mINSERT INTO "ar_internal_metadata" ("key", "value", "created_at", "updated_at") VALUES (?, ?, ?, ?)[0m  [["key", "environment"], ["value", "development"], ["created_at", "2019-06-27 01:40:26.690720"], ["updated_at", "2019-06-27 01:40:26.690720"]]
  ↳ bin/rails:9
  [1m[35m (2.1ms)[0m  [1m[36mcommit transaction[0m
  ↳ bin/rails:9
  [1m[35m (0.1ms)[0m  [1m[34mSELECT "schema_migrations"."version" FROM "schema_migrations" ORDER BY "schema_migrations"."version" ASC[0m
  ↳ bin/rails:9
Started GET "/" for ::1 at 2019-06-27 10:42:19 +0900
  [1m[35m (1.6ms)[0m  [1m[34mSELECT "schema_migrations"."version" FROM "schema_migrations" ORDER BY "schema_migrations"."version" ASC[0m
  ↳ vendor/bundle/ruby/2.6.0/gems/activerecord-5.2.3/lib/active_record/log_subscriber.rb:98
Processing by Rails::WelcomeController#index as HTML
  Rendering vendor/bundle/ruby/2.6.0/gems/railties-5.2.3/lib/rails/templates/rails/welcome/index.html.erb
  Rendered vendor/bundle/ruby/2.6.0/gems/railties-5.2.3/lib/rails/templates/rails/welcome/index.html.erb (4.4ms)
Completed 200 OK in 39ms (Views: 28.2ms | ActiveRecord: 0.0ms)


  [1m[35m (0.2ms)[0m  [1m[34mSELECT "schema_migrations"."version" FROM "schema_migrations" ORDER BY "schema_migrations"."version" ASC[0m
  ↳ bin/rails:9
  [1m[36mActiveRecord::InternalMetadata Load (1.7ms)[0m  [1m[34mSELECT  "ar_internal_metadata".* FROM "ar_internal_metadata" WHERE "ar_internal_metadata"."key" = ? LIMIT ?[0m  [["key", "environment"], ["LIMIT", 1]]
  ↳ bin/rails:9
  [1m[35m (0.1ms)[0m  [1m[36mbegin transaction[0m
  ↳ bin/rails:9
  [1m[35m (0.1ms)[0m  [1m[36mcommit transaction[0m
  ↳ bin/rails:9
  [1m[35m (0.2ms)[0m  [1m[34mSELECT "schema_migrations"."version" FROM "schema_migrations" ORDER BY "schema_migrations"."version" ASC[0m
  ↳ bin/rails:9
Started GET "/" for ::1 at 2019-06-27 10:45:19 +0900
  [1m[35m (0.3ms)[0m  [1m[34mSELECT "schema_migrations"."version" FROM "schema_migrations" ORDER BY "schema_migrations"."version" ASC[0m
  ↳ vendor/bundle/ruby/2.6.0/gems/activerecord-5.2.3/lib/active_record/log_subscriber.rb:98
Processing by Rails::WelcomeController#index as HTML
  Rendering vendor/bundle/ruby/2.6.0/gems/railties-5.2.3/lib/rails/templates/rails/welcome/index.html.erb
  Rendered vendor/bundle/ruby/2.6.0/gems/railties-5.2.3/lib/rails/templates/rails/welcome/index.html.erb (20.1ms)
Completed 200 OK in 38ms (Views: 28.2ms | ActiveRecord: 0.0ms)


Started GET "/" for ::1 at 2019-06-27 10:45:21 +0900
Processing by Rails::WelcomeController#index as HTML
  Rendering vendor/bundle/ruby/2.6.0/gems/railties-5.2.3/lib/rails/templates/rails/welcome/index.html.erb
  Rendered vendor/bundle/ruby/2.6.0/gems/railties-5.2.3/lib/rails/templates/rails/welcome/index.html.erb (3.1ms)
Completed 200 OK in 8ms (Views: 5.5ms | ActiveRecord: 0.0ms)


Started GET "/" for ::1 at 2019-06-27 10:53:15 +0900
  [1m[35m (0.4ms)[0m  [1m[34mSELECT "schema_migrations"."version" FROM "schema_migrations" ORDER BY "schema_migrations"."version" ASC[0m
  ↳ vendor/bundle/ruby/2.6.0/gems/activerecord-5.2.3/lib/active_record/log_subscriber.rb:98
Processing by Rails::WelcomeController#index as HTML
  Rendering vendor/bundle/ruby/2.6.0/gems/railties-5.2.3/lib/rails/templates/rails/welcome/index.html.erb
  Rendered vendor/bundle/ruby/2.6.0/gems/railties-5.2.3/lib/rails/templates/rails/welcome/index.html.erb (2.9ms)
Completed 200 OK in 39ms (Views: 9.1ms | ActiveRecord: 0.0ms)


Started GET "/" for ::1 at 2019-06-27 10:53:16 +0900
Processing by Rails::WelcomeController#index as HTML
  Rendering vendor/bundle/ruby/2.6.0/gems/railties-5.2.3/lib/rails/templates/rails/welcome/index.html.erb
  Rendered vendor/bundle/ruby/2.6.0/gems/railties-5.2.3/lib/rails/templates/rails/welcome/index.html.erb (3.8ms)
Completed 200 OK in 7ms (Views: 5.3ms | ActiveRecord: 0.0ms)


Started GET "/tweets" for ::1 at 2019-06-27 10:53:26 +0900
Processing by TweetsController#index as HTML
  Rendering tweets/index.html.erb within layouts/application
  [1m[36mTweet Load (1.8ms)[0m  [1m[34mSELECT "tweets".* FROM "tweets"[0m
  ↳ app/views/tweets/index.html.erb:5
  Rendered tweets/index.html.erb within layouts/application (7.1ms)
Completed 200 OK in 776ms (Views: 763.3ms | ActiveRecord: 2.4ms)


Started GET "/tweets/new" for ::1 at 2019-06-27 10:53:28 +0900
Processing by TweetsController#new as HTML
  Rendering tweets/new.html.erb within layouts/application
  Rendered tweets/new.html.erb within layouts/application (43.9ms)
Completed 200 OK in 86ms (Views: 69.3ms | ActiveRecord: 2.9ms)


Started POST "/tweets" for ::1 at 2019-06-27 10:53:33 +0900
Processing by TweetsController#create as HTML
  Parameters: {"utf8"=>"✓", "authenticity_token"=>"czSF3+aJod9z6igkGxVazFORfwhWBAKhU5/N/Xwf4h+A/PnigCyGOa5z+mQI6JwOfe11BMCBV18J9GUCiqLZvQ==", "tweet"=>{"body"=>"test sample\r\n"}, "commit"=>"Create Tweet"}
  [1m[35m (0.1ms)[0m  [1m[36mbegin transaction[0m
  ↳ app/controllers/tweets_controller.rb:17
  [1m[36mTweet Create (1.9ms)[0m  [1m[32mINSERT INTO "tweets" ("body", "created_at", "updated_at") VALUES (?, ?, ?)[0m  [["body", "test sample\r\n"], ["created_at", "2019-06-27 01:53:33.906330"], ["updated_at", "2019-06-27 01:53:33.906330"]]
  ↳ app/controllers/tweets_controller.rb:17
  [1m[35m (1.7ms)[0m  [1m[36mcommit transaction[0m
  ↳ app/controllers/tweets_controller.rb:17
Redirected to http://localhost:3000/tweets
Completed 302 Found in 12ms (ActiveRecord: 3.7ms)


Started GET "/tweets" for ::1 at 2019-06-27 10:53:33 +0900
Processing by TweetsController#index as HTML
  Rendering tweets/index.html.erb within layouts/application
  [1m[36mTweet Load (0.3ms)[0m  [1m[34mSELECT "tweets".* FROM "tweets"[0m
  ↳ app/views/tweets/index.html.erb:5
  Rendered tweets/index.html.erb within layouts/application (4.3ms)
Completed 200 OK in 83ms (Views: 81.6ms | ActiveRecord: 0.3ms)


Started GET "/tweets/new" for ::1 at 2019-06-27 10:53:36 +0900
Processing by TweetsController#new as HTML
  Rendering tweets/new.html.erb within layouts/application
  Rendered tweets/new.html.erb within layouts/application (3.0ms)
Completed 200 OK in 31ms (Views: 29.0ms | ActiveRecord: 0.0ms)


Started POST "/tweets" for ::1 at 2019-06-27 10:53:40 +0900
Processing by TweetsController#create as HTML
  Parameters: {"utf8"=>"✓", "authenticity_token"=>"mr0CSR5Ia4+y2DEMxwNHFPJJI31lawry+nch1h9hBrNpdX50eO1MaW9B40zU/oHW3DUpcfPuXwygHIkp6dw9EQ==", "tweet"=>{"body"=>"ikesoudesune\r\n"}, "commit"=>"Create Tweet"}
  [1m[35m (0.1ms)[0m  [1m[36mbegin transaction[0m
  ↳ app/controllers/tweets_controller.rb:17
  [1m[36mTweet Create (0.5ms)[0m  [1m[32mINSERT INTO "tweets" ("body", "created_at", "updated_at") VALUES (?, ?, ?)[0m  [["body", "ikesoudesune\r\n"], ["created_at", "2019-06-27 01:53:40.827538"], ["updated_at", "2019-06-27 01:53:40.827538"]]
  ↳ app/controllers/tweets_controller.rb:17
  [1m[35m (4.8ms)[0m  [1m[36mcommit transaction[0m
  ↳ app/controllers/tweets_controller.rb:17
Redirected to http://localhost:3000/tweets
Completed 302 Found in 11ms (ActiveRecord: 5.4ms)


Started GET "/tweets" for ::1 at 2019-06-27 10:53:40 +0900
Processing by TweetsController#index as HTML
  Rendering tweets/index.html.erb within layouts/application
  [1m[36mTweet Load (0.2ms)[0m  [1m[34mSELECT "tweets".* FROM "tweets"[0m
  ↳ app/views/tweets/index.html.erb:5
  Rendered tweets/index.html.erb within layouts/application (1.9ms)
Completed 200 OK in 26ms (Views: 24.1ms | ActiveRecord: 0.2ms)


Started GET "/tweets/1" for ::1 at 2019-06-27 10:53:43 +0900
Processing by TweetsController#show as HTML
  Parameters: {"id"=>"1"}
  [1m[36mTweet Load (0.2ms)[0m  [1m[34mSELECT  "tweets".* FROM "tweets" WHERE "tweets"."id" = ? LIMIT ?[0m  [["id", 1], ["LIMIT", 1]]
  ↳ app/controllers/tweets_controller.rb:7
  Rendering tweets/show.html.erb within layouts/application
  Rendered tweets/show.html.erb within layouts/application (1.1ms)
Completed 200 OK in 38ms (Views: 19.0ms | ActiveRecord: 0.2ms)


Started GET "/" for ::1 at 2019-06-27 11:01:05 +0900
  [1m[35m (0.2ms)[0m  [1m[34mSELECT "schema_migrations"."version" FROM "schema_migrations" ORDER BY "schema_migrations"."version" ASC[0m
  ↳ vendor/bundle/ruby/2.6.0/gems/activerecord-5.2.3/lib/active_record/log_subscriber.rb:98
Processing by Rails::WelcomeController#index as HTML
  Rendering vendor/bundle/ruby/2.6.0/gems/railties-5.2.3/lib/rails/templates/rails/welcome/index.html.erb
  Rendered vendor/bundle/ruby/2.6.0/gems/railties-5.2.3/lib/rails/templates/rails/welcome/index.html.erb (2.8ms)
Completed 200 OK in 16ms (Views: 7.0ms | ActiveRecord: 0.0ms)


Started GET "/tweets" for ::1 at 2019-06-27 11:01:11 +0900
Processing by TweetsController#index as HTML
  Rendering tweets/index.html.erb within layouts/application
  [1m[36mTweet Load (0.6ms)[0m  [1m[34mSELECT "tweets".* FROM "tweets"[0m
  ↳ app/views/tweets/index.html.erb:5
  Rendered tweets/index.html.erb within layouts/application (12.4ms)
Completed 200 OK in 307ms (Views: 299.3ms | ActiveRecord: 2.3ms)


Started GET "/tweets/new" for ::1 at 2019-06-27 11:01:13 +0900
Processing by TweetsController#new as HTML
  Rendering tweets/new.html.erb within layouts/application
  Rendered tweets/_form.html.erb (11.6ms)
  Rendered tweets/new.html.erb within layouts/application (15.6ms)
Completed 200 OK in 45ms (Views: 40.8ms | ActiveRecord: 0.0ms)


Started POST "/tweets" for ::1 at 2019-06-27 11:01:17 +0900
Processing by TweetsController#create as HTML
  Parameters: {"utf8"=>"✓", "authenticity_token"=>"Cnew+XA+t7daEYveueY7x7NrmjQbAUCl9CrqohxoeuP5v8zEFpuQUYeIWZ6qG/0FnReQOI2EFVuuQUJd6tVBQQ==", "tweet"=>{"body"=>"aaa\r\n"}, "commit"=>"Create Tweet"}
Completed 500 Internal Server Error in 2ms (ActiveRecord: 0.0ms)


  
NoMethodError (undefined method `save' for nil:NilClass):
  
app/controllers/tweets_controller.rb:20:in `create'
Started GET "/tweets/" for ::1 at 2019-06-27 11:01:56 +0900
Processing by TweetsController#index as HTML
  Rendering tweets/index.html.erb within layouts/application
  [1m[36mTweet Load (0.3ms)[0m  [1m[34mSELECT "tweets".* FROM "tweets"[0m
  ↳ app/views/tweets/index.html.erb:5
  Rendered tweets/index.html.erb within layouts/application (2.2ms)
Completed 200 OK in 25ms (Views: 22.1ms | ActiveRecord: 0.3ms)


Started GET "/tweets/1" for ::1 at 2019-06-27 11:02:00 +0900
Processing by TweetsController#show as HTML
  Parameters: {"id"=>"1"}
  [1m[36mTweet Load (0.3ms)[0m  [1m[34mSELECT  "tweets".* FROM "tweets" WHERE "tweets"."id" = ? LIMIT ?[0m  [["id", 1], ["LIMIT", 1]]
  ↳ app/controllers/tweets_controller.rb:52
  Rendering tweets/show.html.erb within layouts/application
  Rendered tweets/show.html.erb within layouts/application (0.8ms)
Completed 200 OK in 37ms (Views: 17.5ms | ActiveRecord: 0.3ms)


Started GET "/tweets" for ::1 at 2019-06-27 11:02:02 +0900
Processing by TweetsController#index as HTML
  Rendering tweets/index.html.erb within layouts/application
  [1m[36mTweet Load (0.3ms)[0m  [1m[34mSELECT "tweets".* FROM "tweets"[0m
  ↳ app/views/tweets/index.html.erb:5
  Rendered tweets/index.html.erb within layouts/application (2.7ms)
Completed 200 OK in 32ms (Views: 29.3ms | ActiveRecord: 0.3ms)


Started GET "/tweets/2" for ::1 at 2019-06-27 11:02:03 +0900
Processing by TweetsController#show as HTML
  Parameters: {"id"=>"2"}
  [1m[36mTweet Load (0.1ms)[0m  [1m[34mSELECT  "tweets".* FROM "tweets" WHERE "tweets"."id" = ? LIMIT ?[0m  [["id", 2], ["LIMIT", 1]]
  ↳ app/controllers/tweets_controller.rb:52
  Rendering tweets/show.html.erb within layouts/application
  Rendered tweets/show.html.erb within layouts/application (1.7ms)
Completed 200 OK in 36ms (Views: 31.9ms | ActiveRecord: 0.1ms)


Started GET "/tweets/2/edit" for ::1 at 2019-06-27 11:02:04 +0900
Processing by TweetsController#edit as HTML
  Parameters: {"id"=>"2"}
  [1m[36mTweet Load (0.2ms)[0m  [1m[34mSELECT  "tweets".* FROM "tweets" WHERE "tweets"."id" = ? LIMIT ?[0m  [["id", 2], ["LIMIT", 1]]
  ↳ app/controllers/tweets_controller.rb:52
  Rendering tweets/edit.html.erb within layouts/application
  Rendered tweets/_form.html.erb (4.5ms)
  Rendered tweets/edit.html.erb within layouts/application (7.1ms)
Completed 200 OK in 31ms (Views: 28.4ms | ActiveRecord: 0.2ms)


Started PATCH "/tweets/2" for ::1 at 2019-06-27 11:02:11 +0900
Processing by TweetsController#update as HTML
  Parameters: {"utf8"=>"✓", "authenticity_token"=>"g5YXr9vXVMu8/HChudFGItK78PPbHU39uRygVoHplRC9X+GlOsqW/sbwvRzgZDulidSgoIxReYV/faoH0egyqQ==", "tweet"=>{"body"=>"rename\r\n\r\n"}, "commit"=>"Update Tweet", "id"=>"2"}
  [1m[36mTweet Load (0.2ms)[0m  [1m[34mSELECT  "tweets".* FROM "tweets" WHERE "tweets"."id" = ? LIMIT ?[0m  [["id", 2], ["LIMIT", 1]]
  ↳ app/controllers/tweets_controller.rb:52
  [1m[35m (0.2ms)[0m  [1m[36mbegin transaction[0m
  ↳ app/controllers/tweets_controller.rb:33
  [1m[36mTweet Update (1.2ms)[0m  [1m[33mUPDATE "tweets" SET "body" = ?, "updated_at" = ? WHERE "tweets"."id" = ?[0m  [["body", "rename\r\n\r\n"], ["updated_at", "2019-06-27 02:02:11.112610"], ["id", 2]]
  ↳ app/controllers/tweets_controller.rb:33
  [1m[35m (2.3ms)[0m  [1m[36mcommit transaction[0m
  ↳ app/controllers/tweets_controller.rb:33
Redirected to http://localhost:3000/tweets
Completed 302 Found in 14ms (ActiveRecord: 3.9ms)


Started GET "/tweets" for ::1 at 2019-06-27 11:02:11 +0900
Processing by TweetsController#index as HTML
  Rendering tweets/index.html.erb within layouts/application
  [1m[36mTweet Load (0.2ms)[0m  [1m[34mSELECT "tweets".* FROM "tweets"[0m
  ↳ app/views/tweets/index.html.erb:5
  Rendered tweets/index.html.erb within layouts/application (2.0ms)
Completed 200 OK in 19ms (Views: 17.7ms | ActiveRecord: 0.2ms)


Started GET "/tweets/2" for ::1 at 2019-06-27 11:02:13 +0900
Processing by TweetsController#show as HTML
  Parameters: {"id"=>"2"}
  [1m[36mTweet Load (0.2ms)[0m  [1m[34mSELECT  "tweets".* FROM "tweets" WHERE "tweets"."id" = ? LIMIT ?[0m  [["id", 2], ["LIMIT", 1]]
  ↳ app/controllers/tweets_controller.rb:52
  Rendering tweets/show.html.erb within layouts/application
  Rendered tweets/show.html.erb within layouts/application (1.9ms)
Completed 200 OK in 42ms (Views: 38.8ms | ActiveRecord: 0.2ms)


Started DELETE "/tweets/2" for ::1 at 2019-06-27 11:02:19 +0900
Processing by TweetsController#destroy as HTML
  Parameters: {"authenticity_token"=>"9c/2jPcngVjLQG++hKuJJBNCaLr1x6R+aj9xkiHBwnuw232f4W6BgY4wMjD8LEyE3t3A4c9CbloEwwKAWivS9w==", "id"=>"2"}
  [1m[36mTweet Load (0.1ms)[0m  [1m[34mSELECT  "tweets".* FROM "tweets" WHERE "tweets"."id" = ? LIMIT ?[0m  [["id", 2], ["LIMIT", 1]]
  ↳ app/controllers/tweets_controller.rb:52
  [1m[35m (0.1ms)[0m  [1m[36mbegin transaction[0m
  ↳ app/controllers/tweets_controller.rb:42
  [1m[36mTweet Destroy (0.3ms)[0m  [1m[31mDELETE FROM "tweets" WHERE "tweets"."id" = ?[0m  [["id", 2]]
  ↳ app/controllers/tweets_controller.rb:42
  [1m[35m (2.1ms)[0m  [1m[36mcommit transaction[0m
  ↳ app/controllers/tweets_controller.rb:42
Redirected to http://localhost:3000/tweets
Completed 302 Found in 6ms (ActiveRecord: 2.6ms)


Started GET "/tweets" for ::1 at 2019-06-27 11:02:19 +0900
Processing by TweetsController#index as HTML
  Rendering tweets/index.html.erb within layouts/application
  [1m[36mTweet Load (0.4ms)[0m  [1m[34mSELECT "tweets".* FROM "tweets"[0m
  ↳ app/views/tweets/index.html.erb:5
  Rendered tweets/index.html.erb within layouts/application (4.1ms)
Completed 200 OK in 26ms (Views: 24.2ms | ActiveRecord: 0.4ms)


Started GET "/tweets/new" for ::1 at 2019-06-27 11:02:21 +0900
Processing by TweetsController#new as HTML
  Rendering tweets/new.html.erb within layouts/application
  Rendered tweets/_form.html.erb (3.6ms)
  Rendered tweets/new.html.erb within layouts/application (8.3ms)
Completed 200 OK in 30ms (Views: 27.9ms | ActiveRecord: 0.0ms)


Started POST "/tweets" for ::1 at 2019-06-27 11:02:26 +0900
Processing by TweetsController#create as HTML
  Parameters: {"utf8"=>"✓", "authenticity_token"=>"1LaJlex+aoPy5fq7VL6V480wdygrdzxT2KXpIGp2CXQnfvWoittNZS98KPtHQ1Mh40x9JL3yaa2CzkHfnMsy1g==", "tweet"=>{"body"=>"ners"}, "commit"=>"Create Tweet"}
Completed 500 Internal Server Error in 1ms (ActiveRecord: 0.0ms)


  
NoMethodError (undefined method `save' for nil:NilClass):
  
app/controllers/tweets_controller.rb:20:in `create'
Started POST "/tweets" for ::1 at 2019-06-27 11:02:34 +0900
Processing by TweetsController#create as HTML
  Parameters: {"utf8"=>"✓", "authenticity_token"=>"G7qPWbhj0BJVVSrGFtS1erP3SPu/bvrvQJBzkJlqZ61ergRKrirQyxAld0huU3DafmjgoIXrMMsubACC4oB3IQ==", "tweet"=>{"body"=>"test"}, "commit"=>"Create Tweet"}
Completed 500 Internal Server Error in 1ms (ActiveRecord: 0.0ms)


  
NoMethodError (undefined method `save' for nil:NilClass):
  
app/controllers/tweets_controller.rb:20:in `create'
Started GET "/tweets" for ::1 at 2019-06-27 11:03:27 +0900
  [1m[35m (0.2ms)[0m  [1m[34mSELECT "schema_migrations"."version" FROM "schema_migrations" ORDER BY "schema_migrations"."version" ASC[0m
  ↳ vendor/bundle/ruby/2.6.0/gems/activerecord-5.2.3/lib/active_record/log_subscriber.rb:98
Processing by TweetsController#index as HTML
  Rendering tweets/index.html.erb within layouts/application
  [1m[36mTweet Load (0.2ms)[0m  [1m[34mSELECT "tweets".* FROM "tweets"[0m
  ↳ app/views/tweets/index.html.erb:5
  Rendered tweets/index.html.erb within layouts/application (21.9ms)
Completed 200 OK in 265ms (Views: 251.7ms | ActiveRecord: 0.7ms)


Started GET "/tweets/new" for ::1 at 2019-06-27 11:03:29 +0900
Processing by TweetsController#new as HTML
  Rendering tweets/new.html.erb within layouts/application
  Rendered tweets/_form.html.erb (13.4ms)
  Rendered tweets/new.html.erb within layouts/application (16.5ms)
Completed 200 OK in 41ms (Views: 36.5ms | ActiveRecord: 0.0ms)


Started POST "/tweets" for ::1 at 2019-06-27 11:03:33 +0900
Processing by TweetsController#create as HTML
  Parameters: {"utf8"=>"✓", "authenticity_token"=>"MRiFYZrn5fBw0xIsrKFwkHcFRbJIavQ8wSJGILd2pMnC0Plc/ELCFq1KwGy/XLZSWXlPvt7vocKbSe7fQcufaw==", "tweet"=>{"body"=>"create"}, "commit"=>"Create Tweet"}
Completed 500 Internal Server Error in 3ms (ActiveRecord: 0.0ms)


  
NoMethodError (undefined method `save' for nil:NilClass):
  
app/controllers/tweets_controller.rb:20:in `create'
Started PUT "/__web_console/repl_sessions/0751f84018c3c89c23e3351404cefe15" for ::1 at 2019-06-27 11:03:41 +0900
Started PUT "/__web_console/repl_sessions/0751f84018c3c89c23e3351404cefe15" for ::1 at 2019-06-27 11:03:44 +0900
Started GET "/tweets" for ::1 at 2019-06-27 11:05:42 +0900
  [1m[35m (0.2ms)[0m  [1m[34mSELECT "schema_migrations"."version" FROM "schema_migrations" ORDER BY "schema_migrations"."version" ASC[0m
  ↳ vendor/bundle/ruby/2.6.0/gems/activerecord-5.2.3/lib/active_record/log_subscriber.rb:98
Processing by TweetsController#index as HTML
  Rendering tweets/index.html.erb within layouts/application
  [1m[36mTweet Load (0.2ms)[0m  [1m[34mSELECT "tweets".* FROM "tweets"[0m
  ↳ app/views/tweets/index.html.erb:5
  Rendered tweets/index.html.erb within layouts/application (23.4ms)
Started PUT "/__web_console/repl_sessions/0751f84018c3c89c23e3351404cefe15" for ::1 at 2019-06-27 11:05:42 +0900
Completed 200 OK in 281ms (Views: 269.1ms | ActiveRecord: 0.9ms)


Started GET "/tweets/new" for ::1 at 2019-06-27 11:05:44 +0900
Processing by TweetsController#new as HTML
  Rendering tweets/new.html.erb within layouts/application
  Rendered tweets/_form.html.erb (9.5ms)
  Rendered tweets/new.html.erb within layouts/application (14.0ms)
Completed 200 OK in 35ms (Views: 32.6ms | ActiveRecord: 0.0ms)


Started POST "/tweets" for ::1 at 2019-06-27 11:05:49 +0900
Processing by TweetsController#create as HTML
  Parameters: {"utf8"=>"✓", "authenticity_token"=>"sQlwK8zeBD6dfy2tA4N75con9hBp5NGdWdXUn9fxivZCwQwWqnsj2EDm/+0Qfr0n5Fv8HP9hhGMDvnxgIUyxVA==", "tweet"=>{"body"=>"extract\r\n"}, "commit"=>"Create Tweet"}
Completed 500 Internal Server Error in 3ms (ActiveRecord: 0.0ms)


  
NoMethodError (undefined method `save' for nil:NilClass):
  
app/controllers/tweets_controller.rb:20:in `create'
Started GET "/tweets" for ::1 at 2019-06-27 11:09:48 +0900
  [1m[35m (0.2ms)[0m  [1m[34mSELECT "schema_migrations"."version" FROM "schema_migrations" ORDER BY "schema_migrations"."version" ASC[0m
  ↳ vendor/bundle/ruby/2.6.0/gems/activerecord-5.2.3/lib/active_record/log_subscriber.rb:98
Processing by TweetsController#index as HTML
  Rendering tweets/index.html.erb within layouts/application
  [1m[36mTweet Load (0.2ms)[0m  [1m[34mSELECT "tweets".* FROM "tweets"[0m
  ↳ app/views/tweets/index.html.erb:5
  Rendered tweets/index.html.erb within layouts/application (24.7ms)
Completed 200 OK in 276ms (Views: 263.8ms | ActiveRecord: 0.9ms)


Started GET "/tweets/new" for ::1 at 2019-06-27 11:09:49 +0900
Processing by TweetsController#new as HTML
  Rendering tweets/new.html.erb within layouts/application
  Rendered tweets/_form.html.erb (13.4ms)
  Rendered tweets/new.html.erb within layouts/application (16.9ms)
Completed 200 OK in 41ms (Views: 37.6ms | ActiveRecord: 0.0ms)


Started POST "/tweets" for ::1 at 2019-06-27 11:09:52 +0900
Processing by TweetsController#create as HTML
  Parameters: {"utf8"=>"✓", "authenticity_token"=>"d7Bm0hhHquxfKKTe/BRkRFWfQRre79qO3KngKqBEwTCEeBrvfuKNCoKxdp7v6aKGe+NLFkhqj3CGwkjVVvn6kg==", "tweet"=>{"body"=>"ah;agdho;"}, "commit"=>"Create Tweet"}
Completed 500 Internal Server Error in 2ms (ActiveRecord: 0.0ms)


  
NoMethodError (undefined method `save' for nil:NilClass):
  
app/controllers/tweets_controller.rb:20:in `create'
Started GET "/tweets" for ::1 at 2019-06-27 11:09:57 +0900
Processing by TweetsController#index as HTML
  Rendering tweets/index.html.erb within layouts/application
  [1m[36mTweet Load (0.3ms)[0m  [1m[34mSELECT "tweets".* FROM "tweets"[0m
  ↳ app/views/tweets/index.html.erb:5
  Rendered tweets/index.html.erb within layouts/application (4.3ms)
Completed 200 OK in 29ms (Views: 26.8ms | ActiveRecord: 0.3ms)


Started GET "/tweets/1" for ::1 at 2019-06-27 11:10:01 +0900
Processing by TweetsController#show as HTML
  Parameters: {"id"=>"1"}
  [1m[36mTweet Load (0.3ms)[0m  [1m[34mSELECT  "tweets".* FROM "tweets" WHERE "tweets"."id" = ? LIMIT ?[0m  [["id", 1], ["LIMIT", 1]]
  ↳ app/controllers/tweets_controller.rb:52
  Rendering tweets/show.html.erb within layouts/application
  Rendered tweets/show.html.erb within layouts/application (1.7ms)
Completed 200 OK in 32ms (Views: 21.2ms | ActiveRecord: 0.3ms)


Started GET "/tweets" for ::1 at 2019-06-27 11:10:02 +0900
Processing by TweetsController#index as HTML
  Rendering tweets/index.html.erb within layouts/application
  [1m[36mTweet Load (0.2ms)[0m  [1m[34mSELECT "tweets".* FROM "tweets"[0m
  ↳ app/views/tweets/index.html.erb:5
  Rendered tweets/index.html.erb within layouts/application (3.9ms)
Completed 200 OK in 33ms (Views: 31.2ms | ActiveRecord: 0.2ms)


Started GET "/tweets" for ::1 at 2019-06-27 12:52:01 +0900
  [1m[35m (0.2ms)[0m  [1m[34mSELECT "schema_migrations"."version" FROM "schema_migrations" ORDER BY "schema_migrations"."version" ASC[0m
  ↳ vendor/bundle/ruby/2.6.0/gems/activerecord-5.2.3/lib/active_record/log_subscriber.rb:98
Processing by TweetsController#index as HTML
  Rendering tweets/index.html.erb within layouts/application
  [1m[36mTweet Load (0.2ms)[0m  [1m[34mSELECT "tweets".* FROM "tweets"[0m
  ↳ app/views/tweets/index.html.erb:5
  Rendered tweets/index.html.erb within layouts/application (21.1ms)
Completed 200 OK in 368ms (Views: 352.4ms | ActiveRecord: 0.7ms)


Started GET "/tweets/new" for ::1 at 2019-06-27 12:52:03 +0900
Processing by TweetsController#new as HTML
  Rendering tweets/new.html.erb within layouts/application
  Rendered tweets/_form.html.erb (23.0ms)
  Rendered tweets/new.html.erb within layouts/application (27.5ms)
Completed 200 OK in 49ms (Views: 44.8ms | ActiveRecord: 0.0ms)


Started GET "/tweets/1" for ::1 at 2019-06-27 12:52:08 +0900
Processing by TweetsController#show as HTML
  Parameters: {"id"=>"1"}
  [1m[36mTweet Load (0.3ms)[0m  [1m[34mSELECT  "tweets".* FROM "tweets" WHERE "tweets"."id" = ? LIMIT ?[0m  [["id", 1], ["LIMIT", 1]]
  ↳ app/controllers/tweets_controller.rb:52
  Rendering tweets/show.html.erb within layouts/application
  Rendered tweets/show.html.erb within layouts/application (2.2ms)
Completed 200 OK in 29ms (Views: 21.2ms | ActiveRecord: 0.3ms)


Started GET "/tweets/1/edit" for ::1 at 2019-06-27 12:52:09 +0900
Processing by TweetsController#edit as HTML
  Parameters: {"id"=>"1"}
  [1m[36mTweet Load (0.6ms)[0m  [1m[34mSELECT  "tweets".* FROM "tweets" WHERE "tweets"."id" = ? LIMIT ?[0m  [["id", 1], ["LIMIT", 1]]
  ↳ app/controllers/tweets_controller.rb:52
  Rendering tweets/edit.html.erb within layouts/application
  Rendered tweets/_form.html.erb (3.3ms)
  Rendered tweets/edit.html.erb within layouts/application (5.2ms)
Completed 200 OK in 36ms (Views: 32.2ms | ActiveRecord: 0.6ms)


Started PATCH "/tweets/1" for ::1 at 2019-06-27 12:52:15 +0900
Processing by TweetsController#update as HTML
  Parameters: {"utf8"=>"✓", "authenticity_token"=>"ZgcDrGSv8QtMsVgJ81wh6RmPpNT6UcM7dGmpwMXhKkXUTYUynNLQC7fD8QSLZr9AHhkuthew18VphJFqN9ptBg==", "tweet"=>{"body"=>"esjs\r\n"}, "commit"=>"Update Tweet", "id"=>"1"}
  [1m[36mTweet Load (0.3ms)[0m  [1m[34mSELECT  "tweets".* FROM "tweets" WHERE "tweets"."id" = ? LIMIT ?[0m  [["id", 1], ["LIMIT", 1]]
  ↳ app/controllers/tweets_controller.rb:52
  [1m[35m (0.1ms)[0m  [1m[36mbegin transaction[0m
  ↳ app/controllers/tweets_controller.rb:33
  [1m[36mTweet Update (0.5ms)[0m  [1m[33mUPDATE "tweets" SET "body" = ?, "updated_at" = ? WHERE "tweets"."id" = ?[0m  [["body", "esjs\r\n"], ["updated_at", "2019-06-27 03:52:15.899948"], ["id", 1]]
  ↳ app/controllers/tweets_controller.rb:33
  [1m[35m (1.9ms)[0m  [1m[36mcommit transaction[0m
  ↳ app/controllers/tweets_controller.rb:33
Redirected to http://localhost:3000/tweets
Completed 302 Found in 10ms (ActiveRecord: 2.7ms)


Started GET "/tweets" for ::1 at 2019-06-27 12:52:15 +0900
Processing by TweetsController#index as HTML
  Rendering tweets/index.html.erb within layouts/application
  [1m[36mTweet Load (0.1ms)[0m  [1m[34mSELECT "tweets".* FROM "tweets"[0m
  ↳ app/views/tweets/index.html.erb:5
  Rendered tweets/index.html.erb within layouts/application (1.5ms)
Completed 200 OK in 53ms (Views: 51.7ms | ActiveRecord: 0.1ms)


Started GET "/tweets/1" for ::1 at 2019-06-27 12:52:23 +0900
Processing by TweetsController#show as HTML
  Parameters: {"id"=>"1"}
  [1m[36mTweet Load (2.7ms)[0m  [1m[34mSELECT  "tweets".* FROM "tweets" WHERE "tweets"."id" = ? LIMIT ?[0m  [["id", 1], ["LIMIT", 1]]
  ↳ app/controllers/tweets_controller.rb:52
  Rendering tweets/show.html.erb within layouts/application
  Rendered tweets/show.html.erb within layouts/application (1.6ms)
Completed 200 OK in 30ms (Views: 24.2ms | ActiveRecord: 2.7ms)


Started GET "/tweets" for ::1 at 2019-07-04 09:11:31 +0900
  [1m[35m (1.7ms)[0m  [1m[34mSELECT "schema_migrations"."version" FROM "schema_migrations" ORDER BY "schema_migrations"."version" ASC[0m
  ↳ vendor/bundle/ruby/2.6.0/gems/activerecord-5.2.3/lib/active_record/log_subscriber.rb:98
Processing by TweetsController#index as HTML
  Rendering tweets/index.html.erb within layouts/application
  [1m[36mTweet Load (1.3ms)[0m  [1m[34mSELECT "tweets".* FROM "tweets"[0m
  ↳ app/views/tweets/index.html.erb:5
  Rendered tweets/index.html.erb within layouts/application (30.3ms)
Completed 200 OK in 532ms (Views: 510.3ms | ActiveRecord: 2.2ms)


Started GET "/tweets/new" for ::1 at 2019-07-04 09:11:34 +0900
Processing by TweetsController#new as HTML
  Rendering tweets/new.html.erb within layouts/application
  Rendered tweets/_form.html.erb (26.8ms)
  Rendered tweets/new.html.erb within layouts/application (33.2ms)
Completed 200 OK in 54ms (Views: 49.3ms | ActiveRecord: 0.0ms)


Started POST "/tweets" for ::1 at 2019-07-04 09:11:43 +0900
Processing by TweetsController#create as HTML
  Parameters: {"utf8"=>"✓", "authenticity_token"=>"w4hjmcJ6Fpw/bMG7EXyRUXanqkDWF3K51lEDWqLkylkQwMFi+89mmQ5qBX4nnH83uykg9q49iYg5vBbZnpKixQ==", "tweet"=>{"body"=>"test tweets"}, "commit"=>"Create Tweet"}
Completed 500 Internal Server Error in 3ms (ActiveRecord: 0.0ms)


  
NoMethodError (undefined method `save' for nil:NilClass):
  
app/controllers/tweets_controller.rb:20:in `create'
Started GET "/tweets" for ::1 at 2019-07-04 10:31:19 +0900
  [1m[35m (1.3ms)[0m  [1m[34mSELECT "schema_migrations"."version" FROM "schema_migrations" ORDER BY "schema_migrations"."version" ASC[0m
  ↳ vendor/bundle/ruby/2.6.0/gems/activerecord-5.2.3/lib/active_record/log_subscriber.rb:98
Processing by TweetsController#index as HTML
  Rendering tweets/index.html.erb within layouts/application
  [1m[36mTweet Load (1.6ms)[0m  [1m[34mSELECT "tweets".* FROM "tweets"[0m
  ↳ app/views/tweets/index.html.erb:5
  Rendered tweets/index.html.erb within layouts/application (29.2ms)
Completed 200 OK in 420ms (Views: 397.9ms | ActiveRecord: 2.5ms)


